2026-05-24 16:03:57.966 -04:00 [INF] Executed DbCommand (34,094ms) [Parameters=[], CommandType='"Text"', CommandTimeout='60']
CREATE DATABASE [CavitationDb];
2026-05-24 16:04:56.461 -04:00 [INF] Executed DbCommand (56,041ms) [Parameters=[], CommandType='"Text"', CommandTimeout='60']
IF SERVERPROPERTY('EngineEdition') <> 5
BEGIN
    ALTER DATABASE [CavitationDb] SET READ_COMMITTED_SNAPSHOT ON;
END;
2026-05-24 16:04:56.613 -04:00 [INF] Executed DbCommand (26ms) [Parameters=[], CommandType='"Text"', CommandTimeout='30']
SELECT 1
2026-05-24 16:04:56.821 -04:00 [INF] Acquiring an exclusive lock for migration application. See https://aka.ms/efcore-docs-migrations-lock for more information if this takes too long.
2026-05-24 16:04:57.181 -04:00 [INF] Executed DbCommand (228ms) [Parameters=[], CommandType='"Text"', CommandTimeout='30']
DECLARE @result int;
EXEC @result = sp_getapplock @Resource = '__EFMigrationsLock', @LockOwner = 'Session', @LockMode = 'Exclusive';
SELECT @result
2026-05-24 16:05:02.170 -04:00 [INF] Executed DbCommand (3,241ms) [Parameters=[], CommandType='"Text"', CommandTimeout='30']
IF OBJECT_ID(N'[__EFMigrationsHistory]') IS NULL
BEGIN
    CREATE TABLE [__EFMigrationsHistory] (
        [MigrationId] nvarchar(150) NOT NULL,
        [ProductVersion] nvarchar(32) NOT NULL,
        CONSTRAINT [PK___EFMigrationsHistory] PRIMARY KEY ([MigrationId])
    );
END;
2026-05-24 16:05:03.539 -04:00 [INF] Executed DbCommand (173ms) [Parameters=[], CommandType='"Text"', CommandTimeout='30']
SELECT 1
2026-05-24 16:05:03.696 -04:00 [INF] Executed DbCommand (74ms) [Parameters=[], CommandType='"Text"', CommandTimeout='30']
SELECT OBJECT_ID(N'[__EFMigrationsHistory]');
2026-05-24 16:05:03.805 -04:00 [INF] Executed DbCommand (97ms) [Parameters=[], CommandType='"Text"', CommandTimeout='30']
SELECT [MigrationId], [ProductVersion]
FROM [__EFMigrationsHistory]
ORDER BY [MigrationId];
2026-05-24 16:05:03.923 -04:00 [INF] Applying migration '20260524200148_Initial'.
2026-05-24 16:05:04.437 -04:00 [INF] Executed DbCommand (57ms) [Parameters=[], CommandType='"Text"', CommandTimeout='30']
CREATE TABLE [Operators] (
    [Id] int NOT NULL IDENTITY,
    [Name] nvarchar(100) NOT NULL,
    [Email] nvarchar(200) NOT NULL,
    [PasswordHash] nvarchar(max) NOT NULL,
    [CreatedAt] datetime2 NOT NULL,
    [IsActive] bit NOT NULL,
    CONSTRAINT [PK_Operators] PRIMARY KEY ([Id])
);
2026-05-24 16:05:04.584 -04:00 [INF] Executed DbCommand (100ms) [Parameters=[], CommandType='"Text"', CommandTimeout='30']
CREATE TABLE [Machines] (
    [Id] int NOT NULL IDENTITY,
    [Name] nvarchar(100) NOT NULL,
    [SerialNumber] nvarchar(50) NOT NULL,
    [Status] int NOT NULL,
    [TemperatureLimitWarning] float(6) NOT NULL,
    [TemperatureLimitCritical] float(6) NOT NULL,
    [TargetFlowRate] float(8) NOT NULL,
    [FlowRateTolerance] float(5) NOT NULL,
    [SensorIpAddress] nvarchar(50) NOT NULL,
    [SensorMqttTopic] nvarchar(200) NOT NULL,
    [IsConnected] bit NOT NULL,
    [CreatedAt] datetime2 NOT NULL,
    [UpdatedAt] datetime2 NOT NULL,
    [AssignedOperatorId] int NULL,
    CONSTRAINT [PK_Machines] PRIMARY KEY ([Id]),
    CONSTRAINT [FK_Machines_Operators_AssignedOperatorId] FOREIGN KEY ([AssignedOperatorId]) REFERENCES [Operators] ([Id]) ON DELETE SET NULL
);
2026-05-24 16:05:04.694 -04:00 [INF] Executed DbCommand (78ms) [Parameters=[], CommandType='"Text"', CommandTimeout='30']
CREATE TABLE [RefreshTokens] (
    [Id] int NOT NULL IDENTITY,
    [Token] nvarchar(200) NOT NULL,
    [OperatorId] int NOT NULL,
    [ExpiresAt] datetime2 NOT NULL,
    [IsRevoked] bit NOT NULL,
    [CreatedAt] datetime2 NOT NULL,
    CONSTRAINT [PK_RefreshTokens] PRIMARY KEY ([Id]),
    CONSTRAINT [FK_RefreshTokens_Operators_OperatorId] FOREIGN KEY ([OperatorId]) REFERENCES [Operators] ([Id]) ON DELETE CASCADE
);
2026-05-24 16:05:07.523 -04:00 [ERR] Failed executing DbCommand (763ms) [Parameters=[], CommandType='"Text"', CommandTimeout='30']
CREATE TABLE [Experiments] (
    [Id] int NOT NULL IDENTITY,
    [Name] nvarchar(200) NOT NULL,
    [SampleName] nvarchar(200) NOT NULL,
    [SampleDescription] nvarchar(1000) NOT NULL,
    [InitialTemperature] float(6) NOT NULL,
    [MicroscopeImageBeforePath] nvarchar(500) NULL,
    [MicroscopeImageAfterPath] nvarchar(500) NULL,
    [HasPrecedent] bit NOT NULL,
    [PrecedentExperimentId] int NULL,
    [StartTime] datetime2 NOT NULL,
    [PlannedDuration] time NOT NULL,
    [EndTime] datetime2 NULL,
    [Status] int NOT NULL,
    [AbortReason] nvarchar(500) NULL,
    [TargetFlowRate] float(8) NOT NULL,
    [CreatedAt] datetime2 NOT NULL,
    [MachineId] int NOT NULL,
    [OperatorId] int NOT NULL,
    CONSTRAINT [PK_Experiments] PRIMARY KEY ([Id]),
    CONSTRAINT [FK_Experiments_Experiments_PrecedentExperimentId] FOREIGN KEY ([PrecedentExperimentId]) REFERENCES [Experiments] ([Id]) ON DELETE SET NULL,
    CONSTRAINT [FK_Experiments_Machines_MachineId] FOREIGN KEY ([MachineId]) REFERENCES [Machines] ([Id]) ON DELETE NO ACTION,
    CONSTRAINT [FK_Experiments_Operators_OperatorId] FOREIGN KEY ([OperatorId]) REFERENCES [Operators] ([Id]) ON DELETE NO ACTION
);
2026-05-24 16:05:07.911 -04:00 [INF] Executed DbCommand (19ms) [Parameters=[], CommandType='"Text"', CommandTimeout='30']
DECLARE @result int;
EXEC @result = sp_releaseapplock @Resource = '__EFMigrationsLock', @LockOwner = 'Session';
SELECT @result
