2026-05-24 16:04:02.286 -04:00 [INF] Executed DbCommand (4,174ms) [Parameters=[], CommandType='"Text"', CommandTimeout='30']
SELECT 1
2026-05-24 16:04:03.859 -04:00 [INF] Acquiring an exclusive lock for migration application. See https://aka.ms/efcore-docs-migrations-lock for more information if this takes too long.
2026-05-24 16:04:06.413 -04:00 [INF] Executed DbCommand (1,606ms) [Parameters=[], CommandType='"Text"', CommandTimeout='30']
DECLARE @result int;
EXEC @result = sp_getapplock @Resource = '__EFMigrationsLock', @LockOwner = 'Session', @LockMode = 'Exclusive';
SELECT @result
2026-05-24 16:04:08.656 -04:00 [INF] Executed DbCommand (1,181ms) [Parameters=[], CommandType='"Text"', CommandTimeout='30']
IF OBJECT_ID(N'[__EFMigrationsHistory]') IS NULL
BEGIN
    CREATE TABLE [__EFMigrationsHistory] (
        [MigrationId] nvarchar(150) NOT NULL,
        [ProductVersion] nvarchar(32) NOT NULL,
        CONSTRAINT [PK___EFMigrationsHistory] PRIMARY KEY ([MigrationId])
    );
END;
2026-05-24 16:04:11.227 -04:00 [INF] Executed DbCommand (990ms) [Parameters=[], CommandType='"Text"', CommandTimeout='30']
SELECT 1
2026-05-24 16:04:12.035 -04:00 [INF] Executed DbCommand (128ms) [Parameters=[], CommandType='"Text"', CommandTimeout='30']
SELECT OBJECT_ID(N'[__EFMigrationsHistory]');
2026-05-24 16:04:13.460 -04:00 [INF] Executed DbCommand (827ms) [Parameters=[], CommandType='"Text"', CommandTimeout='30']
SELECT [MigrationId], [ProductVersion]
FROM [__EFMigrationsHistory]
ORDER BY [MigrationId];
2026-05-24 16:04:13.982 -04:00 [INF] Applying migration '20260524200148_Initial'.
2026-05-24 16:04:14.484 -04:00 [INF] Executed DbCommand (268ms) [Parameters=[], CommandType='"Text"', CommandTimeout='30']
CREATE TABLE [Operators] (
    [Id] int NOT NULL IDENTITY,
    [Name] nvarchar(100) NOT NULL,
    [Email] nvarchar(200) NOT NULL,
    [PasswordHash] nvarchar(max) NOT NULL,
    [CreatedAt] datetime2 NOT NULL,
    [IsActive] bit NOT NULL,
    CONSTRAINT [PK_Operators] PRIMARY KEY ([Id])
);
2026-05-24 16:04:15.656 -04:00 [INF] Executed DbCommand (345ms) [Parameters=[], CommandType='"Text"', CommandTimeout='30']
CREATE TABLE [Machines] (
    [Id] int NOT NULL IDENTITY,
    [Name] nvarchar(100) NOT NULL,
    [SerialNumber] nvarchar(50) NOT NULL,
    [Status] int NOT NULL,
    [TemperatureLimitWarning] float(6) NOT NULL,
    [TemperatureLimitCritical] float(6) NOT NULL,
    [TargetFlowRate] float(8) NOT NULL,
    [FlowRateTolerance] float(5) NOT NULL,
    [SensorIpAddress] nvarchar(50) NOT NULL,
    [SensorMqttTopic] nvarchar(200) NOT NULL,
    [IsConnected] bit NOT NULL,
    [CreatedAt] datetime2 NOT NULL,
    [UpdatedAt] datetime2 NOT NULL,
    [AssignedOperatorId] int NULL,
    CONSTRAINT [PK_Machines] PRIMARY KEY ([Id]),
    CONSTRAINT [FK_Machines_Operators_AssignedOperatorId] FOREIGN KEY ([AssignedOperatorId]) REFERENCES [Operators] ([Id]) ON DELETE SET NULL
);
2026-05-24 16:04:16.251 -04:00 [INF] Executed DbCommand (49ms) [Parameters=[], CommandType='"Text"', CommandTimeout='30']
CREATE TABLE [RefreshTokens] (
    [Id] int NOT NULL IDENTITY,
    [Token] nvarchar(200) NOT NULL,
    [OperatorId] int NOT NULL,
    [ExpiresAt] datetime2 NOT NULL,
    [IsRevoked] bit NOT NULL,
    [CreatedAt] datetime2 NOT NULL,
    CONSTRAINT [PK_RefreshTokens] PRIMARY KEY ([Id]),
    CONSTRAINT [FK_RefreshTokens_Operators_OperatorId] FOREIGN KEY ([OperatorId]) REFERENCES [Operators] ([Id]) ON DELETE CASCADE
);
2026-05-24 16:04:16.413 -04:00 [ERR] Failed executing DbCommand (97ms) [Parameters=[], CommandType='"Text"', CommandTimeout='30']
CREATE TABLE [Experiments] (
    [Id] int NOT NULL IDENTITY,
    [Name] nvarchar(200) NOT NULL,
    [SampleName] nvarchar(200) NOT NULL,
    [SampleDescription] nvarchar(1000) NOT NULL,
    [InitialTemperature] float(6) NOT NULL,
    [MicroscopeImageBeforePath] nvarchar(500) NULL,
    [MicroscopeImageAfterPath] nvarchar(500) NULL,
    [HasPrecedent] bit NOT NULL,
    [PrecedentExperimentId] int NULL,
    [StartTime] datetime2 NOT NULL,
    [PlannedDuration] time NOT NULL,
    [EndTime] datetime2 NULL,
    [Status] int NOT NULL,
    [AbortReason] nvarchar(500) NULL,
    [TargetFlowRate] float(8) NOT NULL,
    [CreatedAt] datetime2 NOT NULL,
    [MachineId] int NOT NULL,
    [OperatorId] int NOT NULL,
    CONSTRAINT [PK_Experiments] PRIMARY KEY ([Id]),
    CONSTRAINT [FK_Experiments_Experiments_PrecedentExperimentId] FOREIGN KEY ([PrecedentExperimentId]) REFERENCES [Experiments] ([Id]) ON DELETE SET NULL,
    CONSTRAINT [FK_Experiments_Machines_MachineId] FOREIGN KEY ([MachineId]) REFERENCES [Machines] ([Id]) ON DELETE NO ACTION,
    CONSTRAINT [FK_Experiments_Operators_OperatorId] FOREIGN KEY ([OperatorId]) REFERENCES [Operators] ([Id]) ON DELETE NO ACTION
);
2026-05-24 16:04:16.535 -04:00 [INF] Executed DbCommand (71ms) [Parameters=[], CommandType='"Text"', CommandTimeout='30']
DECLARE @result int;
EXEC @result = sp_releaseapplock @Resource = '__EFMigrationsLock', @LockOwner = 'Session';
SELECT @result
2026-05-24 16:04:16.561 -04:00 [FTL] Error aplicando migraciones. Verifica la connection string.
Microsoft.Data.SqlClient.SqlException (0x80131904): Introducing FOREIGN KEY constraint 'FK_Experiments_Experiments_PrecedentExperimentId' on table 'Experiments' may cause cycles or multiple cascade paths. Specify ON DELETE NO ACTION or ON UPDATE NO ACTION, or modify other FOREIGN KEY constraints.
Could not create constraint or index. See previous errors.
   at Microsoft.Data.SqlClient.SqlConnection.OnError(SqlException exception, Boolean breakConnection, Action`1 wrapCloseInAction)
   at Microsoft.Data.SqlClient.SqlInternalConnection.OnError(SqlException exception, Boolean breakConnection, Action`1 wrapCloseInAction)
   at Microsoft.Data.SqlClient.TdsParser.ThrowExceptionAndWarning(TdsParserStateObject stateObj, Boolean callerHasConnectionLock, Boolean asyncClose)
   at Microsoft.Data.SqlClient.TdsParser.TryRun(RunBehavior runBehavior, SqlCommand cmdHandler, SqlDataReader dataStream, BulkCopySimpleResultSet bulkCopyHandler, TdsParserStateObject stateObj, Boolean& dataReady)
   at Microsoft.Data.SqlClient.SqlCommand.InternalEndExecuteNonQuery(IAsyncResult asyncResult, Boolean isInternal, String endMethod)
   at Microsoft.Data.SqlClient.SqlCommand.EndExecuteNonQueryInternal(IAsyncResult asyncResult)
   at Microsoft.Data.SqlClient.SqlCommand.EndExecuteNonQueryAsync(IAsyncResult asyncResult)
   at Microsoft.Data.SqlClient.SqlCommand.<>c.<InternalExecuteNonQueryAsync>b__210_1(IAsyncResult result)
   at System.Threading.Tasks.TaskFactory`1.FromAsyncCoreLogic(IAsyncResult iar, Func`2 endFunction, Action`1 endAction, Task`1 promise, Boolean requiresSynchronization)
--- End of stack trace from previous location ---
   at Microsoft.EntityFrameworkCore.Storage.RelationalCommand.ExecuteNonQueryAsync(RelationalCommandParameterObject parameterObject, CancellationToken cancellationToken)
   at Microsoft.EntityFrameworkCore.Storage.RelationalCommand.ExecuteNonQueryAsync(RelationalCommandParameterObject parameterObject, CancellationToken cancellationToken)
   at Microsoft.EntityFrameworkCore.Storage.RelationalCommand.ExecuteNonQueryAsync(RelationalCommandParameterObject parameterObject, CancellationToken cancellationToken)
   at Microsoft.EntityFrameworkCore.Migrations.Internal.MigrationCommandExecutor.ExecuteAsync(IReadOnlyList`1 migrationCommands, IRelationalConnection connection, MigrationExecutionState executionState, Boolean beginTransaction, Boolean commitTransaction, Nullable`1 isolationLevel, CancellationToken cancellationToken)
   at Microsoft.EntityFrameworkCore.Migrations.Internal.MigrationCommandExecutor.ExecuteAsync(IReadOnlyList`1 migrationCommands, IRelationalConnection connection, MigrationExecutionState executionState, Boolean beginTransaction, Boolean commitTransaction, Nullable`1 isolationLevel, CancellationToken cancellationToken)
   at Microsoft.EntityFrameworkCore.Storage.ExecutionStrategy.ExecuteAsync[TState,TResult](TState state, Func`4 operation, Func`4 verifySucceeded, CancellationToken cancellationToken)
   at Microsoft.EntityFrameworkCore.Migrations.Internal.MigrationCommandExecutor.ExecuteNonQueryAsync(IReadOnlyList`1 migrationCommands, IRelationalConnection connection, MigrationExecutionState executionState, Boolean commitTransaction, Nullable`1 isolationLevel, CancellationToken cancellationToken)
   at Microsoft.EntityFrameworkCore.Migrations.Internal.Migrator.MigrateImplementationAsync(DbContext context, String targetMigration, MigrationExecutionState state, Boolean useTransaction, CancellationToken cancellationToken)
   at Microsoft.EntityFrameworkCore.Migrations.Internal.Migrator.MigrateImplementationAsync(DbContext context, String targetMigration, MigrationExecutionState state, Boolean useTransaction, CancellationToken cancellationToken)
   at Microsoft.EntityFrameworkCore.Migrations.Internal.Migrator.<>c.<<MigrateAsync>b__22_1>d.MoveNext()
--- End of stack trace from previous location ---
   at Microsoft.EntityFrameworkCore.Storage.ExecutionStrategy.<>c__DisplayClass30_0`2.<<ExecuteAsync>b__0>d.MoveNext()
--- End of stack trace from previous location ---
   at Microsoft.EntityFrameworkCore.Storage.ExecutionStrategy.ExecuteImplementationAsync[TState,TResult](Func`4 operation, Func`4 verifySucceeded, TState state, CancellationToken cancellationToken)
   at Microsoft.EntityFrameworkCore.Storage.ExecutionStrategy.ExecuteImplementationAsync[TState,TResult](Func`4 operation, Func`4 verifySucceeded, TState state, CancellationToken cancellationToken)
   at Microsoft.EntityFrameworkCore.Storage.ExecutionStrategy.ExecuteAsync[TState,TResult](TState state, Func`4 operation, Func`4 verifySucceeded, CancellationToken cancellationToken)
   at Microsoft.EntityFrameworkCore.Migrations.Internal.Migrator.MigrateAsync(String targetMigration, CancellationToken cancellationToken)
   at Microsoft.EntityFrameworkCore.Migrations.Internal.Migrator.MigrateAsync(String targetMigration, CancellationToken cancellationToken)
   at Program.<Main>$(String[] args) in C:\Users\Samuel\RiderProjects\CavitationApi\Program.cs:line 287
ClientConnectionId:97fabec0-27f5-43c2-b042-14aa888b828e
Error Number:1785,State:0,Class:16
2026-05-24 16:10:52.465 -04:00 [INF] Executed DbCommand (43ms) [Parameters=[], CommandType='"Text"', CommandTimeout='30']
SELECT 1
2026-05-24 16:10:53.328 -04:00 [INF] Executed DbCommand (350ms) [Parameters=[], CommandType='"Text"', CommandTimeout='30']
SELECT OBJECT_ID(N'[__EFMigrationsHistory]');
2026-05-24 16:10:53.679 -04:00 [INF] Executed DbCommand (281ms) [Parameters=[], CommandType='"Text"', CommandTimeout='30']
SELECT [MigrationId], [ProductVersion]
FROM [__EFMigrationsHistory]
ORDER BY [MigrationId];
2026-05-24 16:11:58.061 -04:00 [INF] Executed DbCommand (31ms) [Parameters=[], CommandType='"Text"', CommandTimeout='30']
SELECT 1
2026-05-24 16:11:58.323 -04:00 [INF] Acquiring an exclusive lock for migration application. See https://aka.ms/efcore-docs-migrations-lock for more information if this takes too long.
2026-05-24 16:11:58.512 -04:00 [INF] Executed DbCommand (180ms) [Parameters=[], CommandType='"Text"', CommandTimeout='30']
DECLARE @result int;
EXEC @result = sp_getapplock @Resource = '__EFMigrationsLock', @LockOwner = 'Session', @LockMode = 'Exclusive';
SELECT @result
2026-05-24 16:11:58.639 -04:00 [INF] Executed DbCommand (15ms) [Parameters=[], CommandType='"Text"', CommandTimeout='30']
IF OBJECT_ID(N'[__EFMigrationsHistory]') IS NULL
BEGIN
    CREATE TABLE [__EFMigrationsHistory] (
        [MigrationId] nvarchar(150) NOT NULL,
        [ProductVersion] nvarchar(32) NOT NULL,
        CONSTRAINT [PK___EFMigrationsHistory] PRIMARY KEY ([MigrationId])
    );
END;
2026-05-24 16:11:58.750 -04:00 [INF] Executed DbCommand (12ms) [Parameters=[], CommandType='"Text"', CommandTimeout='30']
SELECT 1
2026-05-24 16:11:58.801 -04:00 [INF] Executed DbCommand (12ms) [Parameters=[], CommandType='"Text"', CommandTimeout='30']
SELECT OBJECT_ID(N'[__EFMigrationsHistory]');
2026-05-24 16:11:58.949 -04:00 [INF] Executed DbCommand (112ms) [Parameters=[], CommandType='"Text"', CommandTimeout='30']
SELECT [MigrationId], [ProductVersion]
FROM [__EFMigrationsHistory]
ORDER BY [MigrationId];
2026-05-24 16:11:58.998 -04:00 [INF] Applying migration '20260524201128_Initial'.
2026-05-24 16:11:59.530 -04:00 [INF] Executed DbCommand (203ms) [Parameters=[], CommandType='"Text"', CommandTimeout='30']
CREATE TABLE [Operators] (
    [Id] int NOT NULL IDENTITY,
    [Name] nvarchar(100) NOT NULL,
    [Email] nvarchar(200) NOT NULL,
    [PasswordHash] nvarchar(max) NOT NULL,
    [CreatedAt] datetime2 NOT NULL,
    [IsActive] bit NOT NULL,
    CONSTRAINT [PK_Operators] PRIMARY KEY ([Id])
);
2026-05-24 16:11:59.641 -04:00 [INF] Executed DbCommand (86ms) [Parameters=[], CommandType='"Text"', CommandTimeout='30']
CREATE TABLE [Machines] (
    [Id] int NOT NULL IDENTITY,
    [Name] nvarchar(100) NOT NULL,
    [SerialNumber] nvarchar(50) NOT NULL,
    [Status] int NOT NULL,
    [TemperatureLimitWarning] float(6) NOT NULL,
    [TemperatureLimitCritical] float(6) NOT NULL,
    [TargetFlowRate] float(8) NOT NULL,
    [FlowRateTolerance] float(5) NOT NULL,
    [SensorIpAddress] nvarchar(50) NOT NULL,
    [SensorMqttTopic] nvarchar(200) NOT NULL,
    [IsConnected] bit NOT NULL,
    [CreatedAt] datetime2 NOT NULL,
    [UpdatedAt] datetime2 NOT NULL,
    [AssignedOperatorId] int NULL,
    CONSTRAINT [PK_Machines] PRIMARY KEY ([Id]),
    CONSTRAINT [FK_Machines_Operators_AssignedOperatorId] FOREIGN KEY ([AssignedOperatorId]) REFERENCES [Operators] ([Id]) ON DELETE SET NULL
);
2026-05-24 16:11:59.676 -04:00 [INF] Executed DbCommand (27ms) [Parameters=[], CommandType='"Text"', CommandTimeout='30']
CREATE TABLE [RefreshTokens] (
    [Id] int NOT NULL IDENTITY,
    [Token] nvarchar(200) NOT NULL,
    [OperatorId] int NOT NULL,
    [ExpiresAt] datetime2 NOT NULL,
    [IsRevoked] bit NOT NULL,
    [CreatedAt] datetime2 NOT NULL,
    CONSTRAINT [PK_RefreshTokens] PRIMARY KEY ([Id]),
    CONSTRAINT [FK_RefreshTokens_Operators_OperatorId] FOREIGN KEY ([OperatorId]) REFERENCES [Operators] ([Id]) ON DELETE CASCADE
);
2026-05-24 16:11:59.706 -04:00 [INF] Executed DbCommand (25ms) [Parameters=[], CommandType='"Text"', CommandTimeout='30']
CREATE TABLE [Experiments] (
    [Id] int NOT NULL IDENTITY,
    [Name] nvarchar(200) NOT NULL,
    [SampleName] nvarchar(200) NOT NULL,
    [SampleDescription] nvarchar(1000) NOT NULL,
    [InitialTemperature] float(6) NOT NULL,
    [MicroscopeImageBeforePath] nvarchar(500) NULL,
    [MicroscopeImageAfterPath] nvarchar(500) NULL,
    [HasPrecedent] bit NOT NULL,
    [PrecedentExperimentId] int NULL,
    [StartTime] datetime2 NOT NULL,
    [PlannedDuration] time NOT NULL,
    [EndTime] datetime2 NULL,
    [Status] int NOT NULL,
    [AbortReason] nvarchar(500) NULL,
    [TargetFlowRate] float(8) NOT NULL,
    [CreatedAt] datetime2 NOT NULL,
    [MachineId] int NOT NULL,
    [OperatorId] int NOT NULL,
    CONSTRAINT [PK_Experiments] PRIMARY KEY ([Id]),
    CONSTRAINT [FK_Experiments_Experiments_PrecedentExperimentId] FOREIGN KEY ([PrecedentExperimentId]) REFERENCES [Experiments] ([Id]),
    CONSTRAINT [FK_Experiments_Machines_MachineId] FOREIGN KEY ([MachineId]) REFERENCES [Machines] ([Id]) ON DELETE NO ACTION,
    CONSTRAINT [FK_Experiments_Operators_OperatorId] FOREIGN KEY ([OperatorId]) REFERENCES [Operators] ([Id]) ON DELETE NO ACTION
);
2026-05-24 16:11:59.720 -04:00 [INF] Executed DbCommand (8ms) [Parameters=[], CommandType='"Text"', CommandTimeout='30']
CREATE TABLE [Alerts] (
    [Id] int NOT NULL IDENTITY,
    [Type] int NOT NULL,
    [Message] nvarchar(500) NOT NULL,
    [TriggerValue] float(8) NOT NULL,
    [ThresholdValue] float(8) NOT NULL,
    [AutoShutdown] bit NOT NULL,
    [AcknowledgedByOperator] bit NOT NULL,
    [TriggeredAt] datetime2 NOT NULL,
    [ExperimentId] int NOT NULL,
    [MachineId] int NOT NULL,
    CONSTRAINT [PK_Alerts] PRIMARY KEY ([Id]),
    CONSTRAINT [FK_Alerts_Experiments_ExperimentId] FOREIGN KEY ([ExperimentId]) REFERENCES [Experiments] ([Id]) ON DELETE CASCADE,
    CONSTRAINT [FK_Alerts_Machines_MachineId] FOREIGN KEY ([MachineId]) REFERENCES [Machines] ([Id]) ON DELETE NO ACTION
);
2026-05-24 16:11:59.791 -04:00 [INF] Executed DbCommand (38ms) [Parameters=[], CommandType='"Text"', CommandTimeout='30']
CREATE TABLE [ExperimentResults] (
    [Id] int NOT NULL IDENTITY,
    [FinalTemperature] float(6) NOT NULL,
    [AverageFlowRate] float(8) NOT NULL,
    [FlowRateCompliance] float(5) NOT NULL,
    [MaxTemperatureReached] float NOT NULL,
    [MinFlowRateReached] float NOT NULL,
    [MaxFlowRateReached] float NOT NULL,
    [FlowRateControlMean] float(8) NOT NULL,
    [FlowRateUpperControlLimit] float(8) NOT NULL,
    [FlowRateLowerControlLimit] float(8) NOT NULL,
    [Observations] nvarchar(2000) NULL,
    [GeneratedAt] datetime2 NOT NULL,
    [ExperimentId] int NOT NULL,
    CONSTRAINT [PK_ExperimentResults] PRIMARY KEY ([Id]),
    CONSTRAINT [FK_ExperimentResults_Experiments_ExperimentId] FOREIGN KEY ([ExperimentId]) REFERENCES [Experiments] ([Id]) ON DELETE CASCADE
);
2026-05-24 16:11:59.832 -04:00 [INF] Executed DbCommand (26ms) [Parameters=[], CommandType='"Text"', CommandTimeout='30']
CREATE TABLE [Measurements] (
    [Id] int NOT NULL IDENTITY,
    [Timestamp] datetime2 NOT NULL,
    [Temperature] float(6) NOT NULL,
    [FlowRate] float(8) NOT NULL,
    [FlowRateTarget] float(8) NOT NULL,
    [FlowDeviation] float(6) NOT NULL,
    [Pressure] float(6) NULL,
    [SubgroupMean] float(8) NULL,
    [SubgroupRange] float(8) NULL,
    [SubgroupNumber] int NOT NULL,
    [ExperimentId] int NOT NULL,
    CONSTRAINT [PK_Measurements] PRIMARY KEY ([Id]),
    CONSTRAINT [FK_Measurements_Experiments_ExperimentId] FOREIGN KEY ([ExperimentId]) REFERENCES [Experiments] ([Id]) ON DELETE CASCADE
);
2026-05-24 16:12:00.400 -04:00 [INF] Executed DbCommand (559ms) [Parameters=[], CommandType='"Text"', CommandTimeout='30']
IF EXISTS (SELECT * FROM [sys].[identity_columns] WHERE [name] IN (N'Id', N'CreatedAt', N'Email', N'IsActive', N'Name', N'PasswordHash') AND [object_id] = OBJECT_ID(N'[Operators]'))
    SET IDENTITY_INSERT [Operators] ON;
INSERT INTO [Operators] ([Id], [CreatedAt], [Email], [IsActive], [Name], [PasswordHash])
VALUES (1, '2025-01-01T00:00:00.0000000Z', N'operario@demo.com', CAST(1 AS bit), N'Operario Demo', N'$2a$11$TqUBSVuVFpSXNMQWpuMBEe5QbbUTKDpGNOhPaOPNEJXepiUFvL.Im');
IF EXISTS (SELECT * FROM [sys].[identity_columns] WHERE [name] IN (N'Id', N'CreatedAt', N'Email', N'IsActive', N'Name', N'PasswordHash') AND [object_id] = OBJECT_ID(N'[Operators]'))
    SET IDENTITY_INSERT [Operators] OFF;
2026-05-24 16:12:00.625 -04:00 [INF] Executed DbCommand (215ms) [Parameters=[], CommandType='"Text"', CommandTimeout='30']
IF EXISTS (SELECT * FROM [sys].[identity_columns] WHERE [name] IN (N'Id', N'AssignedOperatorId', N'CreatedAt', N'FlowRateTolerance', N'IsConnected', N'Name', N'SensorIpAddress', N'SensorMqttTopic', N'SerialNumber', N'Status', N'TargetFlowRate', N'TemperatureLimitCritical', N'TemperatureLimitWarning', N'UpdatedAt') AND [object_id] = OBJECT_ID(N'[Machines]'))
    SET IDENTITY_INSERT [Machines] ON;
INSERT INTO [Machines] ([Id], [AssignedOperatorId], [CreatedAt], [FlowRateTolerance], [IsConnected], [Name], [SensorIpAddress], [SensorMqttTopic], [SerialNumber], [Status], [TargetFlowRate], [TemperatureLimitCritical], [TemperatureLimitWarning], [UpdatedAt])
VALUES (1, 1, '2025-01-01T00:00:00.0000000Z', 0.050000000000000003E0, CAST(0 AS bit), N'Máquina Cavitación #1', N'192.168.1.11', N'cavitation/machine/1/sensors', N'CAV-0001', 0, 5.0E0, 85.0E0, 70.0E0, '2025-01-01T00:00:00.0000000Z'),
(2, 1, '2025-01-01T00:00:00.0000000Z', 0.050000000000000003E0, CAST(0 AS bit), N'Máquina Cavitación #2', N'192.168.1.12', N'cavitation/machine/2/sensors', N'CAV-0002', 0, 5.0E0, 85.0E0, 70.0E0, '2025-01-01T00:00:00.0000000Z'),
(3, 1, '2025-01-01T00:00:00.0000000Z', 0.050000000000000003E0, CAST(0 AS bit), N'Máquina Cavitación #3', N'192.168.1.13', N'cavitation/machine/3/sensors', N'CAV-0003', 0, 5.0E0, 85.0E0, 70.0E0, '2025-01-01T00:00:00.0000000Z'),
(4, 1, '2025-01-01T00:00:00.0000000Z', 0.050000000000000003E0, CAST(0 AS bit), N'Máquina Cavitación #4', N'192.168.1.14', N'cavitation/machine/4/sensors', N'CAV-0004', 0, 5.0E0, 85.0E0, 70.0E0, '2025-01-01T00:00:00.0000000Z');
IF EXISTS (SELECT * FROM [sys].[identity_columns] WHERE [name] IN (N'Id', N'AssignedOperatorId', N'CreatedAt', N'FlowRateTolerance', N'IsConnected', N'Name', N'SensorIpAddress', N'SensorMqttTopic', N'SerialNumber', N'Status', N'TargetFlowRate', N'TemperatureLimitCritical', N'TemperatureLimitWarning', N'UpdatedAt') AND [object_id] = OBJECT_ID(N'[Machines]'))
    SET IDENTITY_INSERT [Machines] OFF;
2026-05-24 16:12:00.897 -04:00 [INF] Executed DbCommand (263ms) [Parameters=[], CommandType='"Text"', CommandTimeout='30']
CREATE INDEX [IX_Alerts_ExperimentId_TriggeredAt] ON [Alerts] ([ExperimentId], [TriggeredAt]);
2026-05-24 16:12:00.946 -04:00 [INF] Executed DbCommand (43ms) [Parameters=[], CommandType='"Text"', CommandTimeout='30']
CREATE INDEX [IX_Alerts_MachineId] ON [Alerts] ([MachineId]);
2026-05-24 16:12:01.125 -04:00 [INF] Executed DbCommand (158ms) [Parameters=[], CommandType='"Text"', CommandTimeout='30']
CREATE UNIQUE INDEX [IX_ExperimentResults_ExperimentId] ON [ExperimentResults] ([ExperimentId]);
2026-05-24 16:12:01.172 -04:00 [INF] Executed DbCommand (22ms) [Parameters=[], CommandType='"Text"', CommandTimeout='30']
CREATE INDEX [IX_Experiments_MachineId] ON [Experiments] ([MachineId]);
2026-05-24 16:12:01.224 -04:00 [INF] Executed DbCommand (33ms) [Parameters=[], CommandType='"Text"', CommandTimeout='30']
CREATE INDEX [IX_Experiments_OperatorId] ON [Experiments] ([OperatorId]);
2026-05-24 16:12:01.336 -04:00 [INF] Executed DbCommand (62ms) [Parameters=[], CommandType='"Text"', CommandTimeout='30']
CREATE INDEX [IX_Experiments_PrecedentExperimentId] ON [Experiments] ([PrecedentExperimentId]);
2026-05-24 16:12:01.676 -04:00 [INF] Executed DbCommand (324ms) [Parameters=[], CommandType='"Text"', CommandTimeout='30']
CREATE INDEX [IX_Machines_AssignedOperatorId] ON [Machines] ([AssignedOperatorId]);
2026-05-24 16:12:01.688 -04:00 [INF] Executed DbCommand (5ms) [Parameters=[], CommandType='"Text"', CommandTimeout='30']
CREATE INDEX [IX_Measurements_ExperimentId_Timestamp] ON [Measurements] ([ExperimentId], [Timestamp]);
2026-05-24 16:12:01.726 -04:00 [INF] Executed DbCommand (33ms) [Parameters=[], CommandType='"Text"', CommandTimeout='30']
CREATE UNIQUE INDEX [IX_Operators_Email] ON [Operators] ([Email]);
2026-05-24 16:12:01.788 -04:00 [INF] Executed DbCommand (41ms) [Parameters=[], CommandType='"Text"', CommandTimeout='30']
CREATE INDEX [IX_RefreshTokens_OperatorId] ON [RefreshTokens] ([OperatorId]);
2026-05-24 16:12:01.841 -04:00 [INF] Executed DbCommand (39ms) [Parameters=[], CommandType='"Text"', CommandTimeout='30']
CREATE UNIQUE INDEX [IX_RefreshTokens_Token] ON [RefreshTokens] ([Token]);
2026-05-24 16:12:01.931 -04:00 [INF] Executed DbCommand (68ms) [Parameters=[], CommandType='"Text"', CommandTimeout='30']
INSERT INTO [__EFMigrationsHistory] ([MigrationId], [ProductVersion])
VALUES (N'20260524201128_Initial', N'9.0.0');
2026-05-24 16:12:01.995 -04:00 [INF] Executed DbCommand (21ms) [Parameters=[], CommandType='"Text"', CommandTimeout='30']
DECLARE @result int;
EXEC @result = sp_releaseapplock @Resource = '__EFMigrationsLock', @LockOwner = 'Session';
SELECT @result
